#
# There is insufficient memory for the Java Runtime Environment to continue.
# Native memory allocation (malloc) failed to allocate 2097152 bytes for AllocateHeap
# Possible reasons:
#   The system is out of physical RAM or swap space
#   The process is running with CompressedOops enabled, and the Java Heap may be blocking the growth of the native heap
# Possible solutions:
#   Reduce memory load on the system
#   Increase physical memory or swap space
#   Check if swap backing store is full
#   Decrease Java heap size (-Xmx/-Xms)
#   Decrease number of Java threads
#   Decrease Java thread stack sizes (-Xss)
#   Set larger code cache with -XX:ReservedCodeCacheSize=
#   JVM is running with Unscaled Compressed Oops mode in which the Java heap is
#     placed in the first 4GB address space. The Java Heap base address is the
#     maximum limit for the native heap growth. Please use -XX:HeapBaseMinAddress
#     to set the Java Heap base and to place the Java Heap above 4GB virtual address.
# This output file may be truncated or incomplete.
#
#  Out of Memory Error (./open/src/hotspot/share/memory/allocation.cpp:44), pid=4044, tid=7612
#
# JRE version: OpenJDK Runtime Environment (14.0.2+12) (build 14.0.2+12-46)
# Java VM: OpenJDK 64-Bit Server VM (14.0.2+12-46, mixed mode, tiered, compressed oops, g1 gc, windows-amd64)
# No core dump will be written. Minidumps are not enabled by default on client versions of Windows
#

---------------  S U M M A R Y ------------

Command Line: -Dcom.sun.management.jmxremote -Dcom.sun.management.jmxremote.port=55308 -Dcom.sun.management.jmxremote.authenticate=false -Dcom.sun.management.jmxremote.ssl=false -Djava.rmi.server.hostname=localhost -Dspring.jmx.enabled=true -Dspring.application.admin.enabled=true -Xverify:none -XX:TieredStopAtLevel=1 -Dspring.boot.project.name=springbootHCM -Dfile.encoding=UTF-8 -XX:+ShowCodeDetailsInExceptionMessages com.hcm.springboot.springbootHCM.SpringbootHcmApplication

Host: Intel(R) Core(TM) i3-4170 CPU @ 3.70GHz, 4 cores, 3G,  Windows 7 , 64 bit Build 7601 (6.1.7601.18015)
Time: Fri Jan 22 14:14:39 2021 India Standard Time elapsed time: 57 seconds (0d 0h 0m 57s)

---------------  T H R E A D  ---------------

Current thread (0x00000000071a3800):  VMThread "VM Thread" [stack: 0x0000000007460000,0x0000000007560000] [id=7612]

Stack: [0x0000000007460000,0x0000000007560000]
[error occurred during error reporting (printing stack bounds), id 0xc0000005, EXCEPTION_ACCESS_VIOLATION (0xc0000005) at pc=0x00000000202110ad]

Native frames: (J=compiled Java code, j=interpreted, Vv=VM code, C=native code)
V  [jvm.dll+0x5f8a9a]
V  [jvm.dll+0x74247a]
V  [jvm.dll+0x743c2f]
V  [jvm.dll+0x7441d5]
V  [jvm.dll+0x74418b]
V  [jvm.dll+0x5f7f6f]
V  [jvm.dll+0x5f8738]
C  [ntdll.dll+0x29d2d]
C  [ntdll.dll+0x191cf]
C  [ntdll.dll+0x51248]
C  0x00000000202110ad

VM_Operation (0x0000000015b3c490): CollectForMetadataAllocation, mode: safepoint, requested by thread 0x000000000d484000


---------------  P R O C E S S  ---------------

Threads class SMR info:
_java_thread_list=0x0000000008f37f30, length=38, elements={
0x00000000071b0000, 0x00000000071b1000, 0x00000000071e4000, 0x00000000071e5000,
0x00000000071fe000, 0x00000000071ff000, 0x00000000071ce800, 0x0000000003eff000,
0x00000000081d5800, 0x0000000008b7d000, 0x0000000008b80800, 0x0000000008b97800,
0x0000000008fa3000, 0x0000000008fa8000, 0x0000000008fce800, 0x0000000008b32000,
0x0000000008b33000, 0x0000000008b34000, 0x0000000008b34800, 0x0000000008b35800,
0x0000000008b36800, 0x0000000008b37000, 0x0000000008b38000, 0x0000000008b39000,
0x000000000d484000, 0x000000000d485000, 0x000000000d486000, 0x000000000d486800,
0x000000000d487800, 0x000000000d488800, 0x000000000d489000, 0x000000000d48a000,
0x000000000d48b000, 0x000000000d931800, 0x000000000d932800, 0x000000000d933800,
0x000000000d934000, 0x000000000d936000
}

Java Threads: ( => current thread )
  0x00000000071b0000 JavaThread "Reference Handler" daemon [_thread_blocked, id=1496, stack(0x0000000007360000,0x0000000007460000)]
  0x00000000071b1000 JavaThread "Finalizer" daemon [_thread_blocked, id=4416, stack(0x0000000007710000,0x0000000007810000)]
  0x00000000071e4000 JavaThread "Signal Dispatcher" daemon [_thread_blocked, id=8176, stack(0x0000000007560000,0x0000000007660000)]
  0x00000000071e5000 JavaThread "Attach Listener" daemon [_thread_blocked, id=8524, stack(0x00000000078f0000,0x00000000079f0000)]
  0x00000000071fe000 JavaThread "Service Thread" daemon [_thread_blocked, id=8416, stack(0x0000000007a50000,0x0000000007b50000)]
  0x00000000071ff000 JavaThread "C1 CompilerThread0" daemon [_thread_blocked, id=5324, stack(0x0000000007ba0000,0x0000000007ca0000)]
  0x00000000071ce800 JavaThread "Sweeper thread" daemon [_thread_blocked, id=6944, stack(0x0000000007d30000,0x0000000007e30000)]
  0x0000000003eff000 JavaThread "Common-Cleaner" daemon [_thread_blocked, id=8332, stack(0x0000000007e60000,0x0000000007f60000)]
  0x00000000081d5800 JavaThread "Notification Thread" daemon [_thread_blocked, id=6020, stack(0x0000000008560000,0x0000000008660000)]
  0x0000000008b7d000 JavaThread "RMI TCP Accept-0" daemon [_thread_in_native, id=6660, stack(0x00000000099a0000,0x0000000009aa0000)]
  0x0000000008b80800 JavaThread "RMI TCP Accept-55308" daemon [_thread_in_native, id=8712, stack(0x0000000009ae0000,0x0000000009be0000)]
  0x0000000008b97800 JavaThread "RMI TCP Accept-0" daemon [_thread_in_native, id=5500, stack(0x0000000009bf0000,0x0000000009cf0000)]
  0x0000000008fa3000 JavaThread "RMI TCP Connection(idle)" daemon [_thread_blocked, id=7336, stack(0x000000000a160000,0x000000000a260000)]
  0x0000000008fa8000 JavaThread "RMI Scheduler(0)" daemon [_thread_blocked, id=5300, stack(0x000000000a2c0000,0x000000000a3c0000)]
  0x0000000008fce800 JavaThread "RMI TCP Connection(idle)" daemon [_thread_blocked, id=5388, stack(0x0000000009560000,0x0000000009660000)]
  0x0000000008b32000 JavaThread "JMX server connection timeout 23" daemon [_thread_blocked, id=9116, stack(0x000000000a750000,0x000000000a850000)]
  0x0000000008b33000 JavaThread "Catalina-utility-1" [_thread_blocked, id=8716, stack(0x000000000afa0000,0x000000000b0a0000)]
  0x0000000008b34000 JavaThread "Catalina-utility-2" [_thread_blocked, id=6552, stack(0x000000000c510000,0x000000000c610000)]
  0x0000000008b34800 JavaThread "container-0" [_thread_blocked, id=7884, stack(0x000000000ce40000,0x000000000cf40000)]
  0x0000000008b35800 JavaThread "mysql-cj-abandoned-connection-cleanup" daemon [_thread_blocked, id=4640, stack(0x0000000009f30000,0x000000000a030000)]
  0x0000000008b36800 JavaThread "HikariPool-1 housekeeper" daemon [_thread_blocked, id=3656, stack(0x0000000014550000,0x0000000014650000)]
  0x0000000008b37000 JavaThread "Live Reload Server" daemon [_thread_in_native, id=4176, stack(0x0000000015010000,0x0000000015110000)]
  0x0000000008b38000 JavaThread "File Watcher" daemon [_thread_blocked, id=5520, stack(0x000000000cf50000,0x000000000d050000)]
  0x0000000008b39000 JavaThread "http-nio-8881-BlockPoller" daemon [_thread_blocked, id=9028, stack(0x0000000015830000,0x0000000015930000)]
  0x000000000d484000 JavaThread "http-nio-8881-exec-1" daemon [_thread_blocked, id=5548, stack(0x0000000015a40000,0x0000000015b40000)]
  0x000000000d485000 JavaThread "http-nio-8881-exec-2" daemon [_thread_blocked, id=3496, stack(0x0000000014850000,0x0000000014950000)]
  0x000000000d486000 JavaThread "http-nio-8881-exec-3" daemon [_thread_blocked, id=7272, stack(0x0000000015c70000,0x0000000015d70000)]
  0x000000000d486800 JavaThread "http-nio-8881-exec-4" daemon [_thread_blocked, id=3272, stack(0x0000000015de0000,0x0000000015ee0000)]
  0x000000000d487800 JavaThread "http-nio-8881-exec-5" daemon [_thread_blocked, id=4260, stack(0x0000000015fd0000,0x00000000160d0000)]
  0x000000000d488800 JavaThread "http-nio-8881-exec-6" daemon [_thread_blocked, id=1892, stack(0x0000000016100000,0x0000000016200000)]
  0x000000000d489000 JavaThread "http-nio-8881-exec-7" daemon [_thread_blocked, id=8668, stack(0x0000000015710000,0x0000000015810000)]
  0x000000000d48a000 JavaThread "http-nio-8881-exec-8" daemon [_thread_blocked, id=3252, stack(0x0000000016320000,0x0000000016420000)]
  0x000000000d48b000 JavaThread "http-nio-8881-exec-9" daemon [_thread_blocked, id=6308, stack(0x00000000164d0000,0x00000000165d0000)]
  0x000000000d931800 JavaThread "http-nio-8881-exec-10" daemon [_thread_blocked, id=3604, stack(0x0000000015930000,0x0000000015a30000)]
  0x000000000d932800 JavaThread "http-nio-8881-ClientPoller" daemon [_thread_blocked, id=3672, stack(0x0000000016670000,0x0000000016770000)]
  0x000000000d933800 JavaThread "http-nio-8881-Acceptor" daemon [_thread_in_native, id=4880, stack(0x0000000016820000,0x0000000016920000)]
  0x000000000d934000 JavaThread "DestroyJavaVM" [_thread_blocked, id=224, stack(0x0000000002b50000,0x0000000002c50000)]
  0x000000000d936000 JavaThread "RMI TCP Connection(idle)" daemon [_thread_blocked, id=7568, stack(0x0000000016210000,0x0000000016310000)]

Other Threads:
=>0x00000000071a3800 VMThread "VM Thread" [stack: 0x0000000007460000,0x0000000007560000] [id=7612]
  0x0000000008bb5000 WatcherThread [stack: 0x0000000009300000,0x0000000009400000] [id=5692]
  0x00000000003af800 GCTaskThread "GC Thread#0" [stack: 0x0000000003d10000,0x0000000003e10000] [id=1924]
  0x0000000008c1e000 GCTaskThread "GC Thread#1" [stack: 0x0000000008670000,0x0000000008770000] [id=1272]
  0x0000000009045800 GCTaskThread "GC Thread#2" [stack: 0x000000000aaa0000,0x000000000aba0000] [id=5804]
  0x0000000009046800 GCTaskThread "GC Thread#3" [stack: 0x000000000ac80000,0x000000000ad80000] [id=5888]
  0x00000000003b9000 ConcurrentGCThread "G1 Main Marker" [stack: 0x0000000003b80000,0x0000000003c80000] [id=5168]
  0x00000000003bb000 ConcurrentGCThread "G1 Conc#0" [stack: 0x0000000006210000,0x0000000006310000] [id=3764]
  0x0000000003e70000 ConcurrentGCThread "G1 Refine#0" [stack: 0x00000000066e0000,0x00000000067e0000] [id=7108]
  0x0000000008308800 ConcurrentGCThread "G1 Refine#1" [stack: 0x0000000007f70000,0x0000000008070000] [id=3352]
  0x0000000003e71800 ConcurrentGCThread "G1 Young RemSet Sampling" [stack: 0x00000000065d0000,0x00000000066d0000] [id=7416]

Threads with active compile tasks:
C1 CompilerThread0    57806 4777       1       org.springframework.context.event.GenericApplicationListenerAdapter::resolveDeclaredEventType (57 bytes)

VM state:at safepoint (normal execution)

VM Mutex/Monitor currently owned by a thread:  ([mutex/lock_event])
[0x0000000000379c20] Threads_lock - owner thread: 0x00000000071a3800
[0x000000000037a2e0] Heap_lock - owner thread: 0x000000000d484000

Heap address: 0x00000000c1200000, size: 1006 MB, Compressed Oops mode: 32-bit
Narrow klass base: 0x0000000000000000, Narrow klass shift: 0
Compressed class space size: 1073741824 Address: 0x000000002f210000

Heap:
 garbage-first heap   total 71680K, used 27933K [0x00000000c1200000, 0x0000000100000000)
  region size 1024K, 2 young (2048K), 2 survivors (2048K)
 Metaspace       used 57270K, capacity 58948K, committed 59088K, reserved 1112064K
  class space    used 7555K, capacity 8218K, committed 8320K, reserved 1048576K
Heap Regions: E=young(eden), S=young(survivor), O=old, HS=humongous(starts), HC=humongous(continues), CS=collection set, F=free, OA=open archive, CA=closed archive, TAMS=top-at-mark-start (previous, next)
|   0|0x00000000c1200000, 0x00000000c1300000, 0x00000000c1300000|100%|HS|  |TAMS 0x00000000c1300000, 0x00000000c1300000| Complete 
|   1|0x00000000c1300000, 0x00000000c1400000, 0x00000000c1400000|100%| O|  |TAMS 0x00000000c1400000, 0x00000000c1400000| Untracked 
|   2|0x00000000c1400000, 0x00000000c1500000, 0x00000000c1500000|100%| O|  |TAMS 0x00000000c1500000, 0x00000000c1500000| Untracked 
|   3|0x00000000c1500000, 0x00000000c1600000, 0x00000000c1600000|100%| O|  |TAMS 0x00000000c1600000, 0x00000000c1600000| Untracked 
|   4|0x00000000c1600000, 0x00000000c1700000, 0x00000000c1700000|100%| O|  |TAMS 0x00000000c1700000, 0x00000000c1700000| Untracked 
|   5|0x00000000c1700000, 0x00000000c1800000, 0x00000000c1800000|100%| O|  |TAMS 0x00000000c1800000, 0x00000000c1800000| Untracked 
|   6|0x00000000c1800000, 0x00000000c1872a00, 0x00000000c1900000| 44%| O|  |TAMS 0x00000000c1872a00, 0x00000000c1872a00| Untracked 
|   7|0x00000000c1900000, 0x00000000c1a00000, 0x00000000c1a00000|100%| O|  |TAMS 0x00000000c1a00000, 0x00000000c1a00000| Untracked 
|   8|0x00000000c1a00000, 0x00000000c1b00000, 0x00000000c1b00000|100%| O|  |TAMS 0x00000000c1b00000, 0x00000000c1b00000| Untracked 
|   9|0x00000000c1b00000, 0x00000000c1c00000, 0x00000000c1c00000|100%| O|  |TAMS 0x00000000c1c00000, 0x00000000c1c00000| Untracked 
|  10|0x00000000c1c00000, 0x00000000c1d00000, 0x00000000c1d00000|100%| O|  |TAMS 0x00000000c1d00000, 0x00000000c1d00000| Untracked 
|  11|0x00000000c1d00000, 0x00000000c1e00000, 0x00000000c1e00000|100%| O|  |TAMS 0x00000000c1e00000, 0x00000000c1e00000| Untracked 
|  12|0x00000000c1e00000, 0x00000000c1f00000, 0x00000000c1f00000|100%| O|  |TAMS 0x00000000c1f00000, 0x00000000c1f00000| Untracked 
|  13|0x00000000c1f00000, 0x00000000c2000000, 0x00000000c2000000|100%| O|  |TAMS 0x00000000c2000000, 0x00000000c2000000| Untracked 
|  14|0x00000000c2000000, 0x00000000c2100000, 0x00000000c2100000|100%| O|  |TAMS 0x00000000c2100000, 0x00000000c2100000| Untracked 
|  15|0x00000000c2100000, 0x00000000c2200000, 0x00000000c2200000|100%| O|  |TAMS 0x00000000c2200000, 0x00000000c2200000| Untracked 
|  16|0x00000000c2200000, 0x00000000c225b000, 0x00000000c2300000| 35%| O|  |TAMS 0x00000000c225b000, 0x00000000c225b000| Untracked 
|  17|0x00000000c2300000, 0x00000000c2400000, 0x00000000c2400000|100%| O|  |TAMS 0x00000000c2300000, 0x00000000c2400000| Untracked 
|  18|0x00000000c2400000, 0x00000000c2500000, 0x00000000c2500000|100%| O|  |TAMS 0x00000000c2400000, 0x00000000c2500000| Untracked 
|  19|0x00000000c2500000, 0x00000000c2600000, 0x00000000c2600000|100%| O|  |TAMS 0x00000000c2500000, 0x00000000c2600000| Untracked 
|  20|0x00000000c2600000, 0x00000000c2700000, 0x00000000c2700000|100%| O|  |TAMS 0x00000000c2600000, 0x00000000c2700000| Untracked 
|  21|0x00000000c2700000, 0x00000000c2800000, 0x00000000c2800000|100%| O|  |TAMS 0x00000000c2700000, 0x00000000c2800000| Untracked 
|  22|0x00000000c2800000, 0x00000000c2900000, 0x00000000c2900000|100%| O|  |TAMS 0x00000000c2800000, 0x00000000c2900000| Untracked 
|  23|0x00000000c2900000, 0x00000000c2a00000, 0x00000000c2a00000|100%| O|  |TAMS 0x00000000c2900000, 0x00000000c2a00000| Untracked 
|  24|0x00000000c2a00000, 0x00000000c2b00000, 0x00000000c2b00000|100%| O|  |TAMS 0x00000000c2a00000, 0x00000000c2af3600| Untracked 
|  25|0x00000000c2b00000, 0x00000000c2c00000, 0x00000000c2c00000|100%| O|  |TAMS 0x00000000c2b00000, 0x00000000c2b00000| Untracked 
|  26|0x00000000c2c00000, 0x00000000c2cd5c00, 0x00000000c2d00000| 83%| O|  |TAMS 0x00000000c2c00000, 0x00000000c2c00000| Untracked 
|  27|0x00000000c2d00000, 0x00000000c2d00000, 0x00000000c2e00000|  0%| F|  |TAMS 0x00000000c2d00000, 0x00000000c2d00000| Untracked 
|  28|0x00000000c2e00000, 0x00000000c2e00000, 0x00000000c2f00000|  0%| F|  |TAMS 0x00000000c2e00000, 0x00000000c2e00000| Untracked 
|  29|0x00000000c2f00000, 0x00000000c2f00000, 0x00000000c3000000|  0%| F|  |TAMS 0x00000000c2f00000, 0x00000000c2f00000| Untracked 
|  30|0x00000000c3000000, 0x00000000c3000000, 0x00000000c3100000|  0%| F|  |TAMS 0x00000000c3000000, 0x00000000c3000000| Untracked 
|  31|0x00000000c3100000, 0x00000000c3100000, 0x00000000c3200000|  0%| F|  |TAMS 0x00000000c3100000, 0x00000000c3100000| Untracked 
|  32|0x00000000c3200000, 0x00000000c3200000, 0x00000000c3300000|  0%| F|  |TAMS 0x00000000c3200000, 0x00000000c3200000| Untracked 
|  33|0x00000000c3300000, 0x00000000c3300000, 0x00000000c3400000|  0%| F|  |TAMS 0x00000000c3300000, 0x00000000c3300000| Untracked 
|  34|0x00000000c3400000, 0x00000000c3400000, 0x00000000c3500000|  0%| F|  |TAMS 0x00000000c3400000, 0x00000000c3400000| Untracked 
|  35|0x00000000c3500000, 0x00000000c3500000, 0x00000000c3600000|  0%| F|  |TAMS 0x00000000c3500000, 0x00000000c3500000| Untracked 
|  36|0x00000000c3600000, 0x00000000c3600000, 0x00000000c3700000|  0%| F|  |TAMS 0x00000000c3600000, 0x00000000c3600000| Untracked 
|  37|0x00000000c3700000, 0x00000000c3700000, 0x00000000c3800000|  0%| F|  |TAMS 0x00000000c3700000, 0x00000000c3700000| Untracked 
|  38|0x00000000c3800000, 0x00000000c3800000, 0x00000000c3900000|  0%| F|  |TAMS 0x00000000c3800000, 0x00000000c3800000| Untracked 
|  39|0x00000000c3900000, 0x00000000c3900000, 0x00000000c3a00000|  0%| F|  |TAMS 0x00000000c3900000, 0x00000000c3900000| Untracked 
|  40|0x00000000c3a00000, 0x00000000c3a00000, 0x00000000c3b00000|  0%| F|  |TAMS 0x00000000c3a00000, 0x00000000c3a00000| Untracked 
|  41|0x00000000c3b00000, 0x00000000c3b00000, 0x00000000c3c00000|  0%| F|  |TAMS 0x00000000c3b00000, 0x00000000c3b00000| Untracked 
|  42|0x00000000c3c00000, 0x00000000c3c00000, 0x00000000c3d00000|  0%| F|  |TAMS 0x00000000c3c00000, 0x00000000c3c00000| Untracked 
|  43|0x00000000c3d00000, 0x00000000c3d00000, 0x00000000c3e00000|  0%| F|  |TAMS 0x00000000c3d00000, 0x00000000c3d00000| Untracked 
|  44|0x00000000c3e00000, 0x00000000c3e00000, 0x00000000c3f00000|  0%| F|  |TAMS 0x00000000c3e00000, 0x00000000c3e00000| Untracked 
|  45|0x00000000c3f00000, 0x00000000c3f00000, 0x00000000c4000000|  0%| F|  |TAMS 0x00000000c3f00000, 0x00000000c3f00000| Untracked 
|  46|0x00000000c4000000, 0x00000000c4000000, 0x00000000c4100000|  0%| F|  |TAMS 0x00000000c4000000, 0x00000000c4000000| Untracked 
|  47|0x00000000c4100000, 0x00000000c4100000, 0x00000000c4200000|  0%| F|  |TAMS 0x00000000c4100000, 0x00000000c4100000| Untracked 
|  48|0x00000000c4200000, 0x00000000c4200000, 0x00000000c4300000|  0%| F|  |TAMS 0x00000000c4200000, 0x00000000c4200000| Untracked 
|  49|0x00000000c4300000, 0x00000000c4300000, 0x00000000c4400000|  0%| F|  |TAMS 0x00000000c4300000, 0x00000000c4300000| Untracked 
|  50|0x00000000c4400000, 0x00000000c4400000, 0x00000000c4500000|  0%| F|  |TAMS 0x00000000c4400000, 0x00000000c4400000| Untracked 
|  51|0x00000000c4500000, 0x00000000c4500000, 0x00000000c4600000|  0%| F|  |TAMS 0x00000000c4500000, 0x00000000c4500000| Untracked 
|  52|0x00000000c4600000, 0x00000000c4600000, 0x00000000c4700000|  0%| F|  |TAMS 0x00000000c4600000, 0x00000000c4600000| Untracked 
|  53|0x00000000c4700000, 0x00000000c4700000, 0x00000000c4800000|  0%| F|  |TAMS 0x00000000c4700000, 0x00000000c4700000| Untracked 
|  54|0x00000000c4800000, 0x00000000c4800000, 0x00000000c4900000|  0%| F|  |TAMS 0x00000000c4800000, 0x00000000c4800000| Untracked 
|  55|0x00000000c4900000, 0x00000000c4900000, 0x00000000c4a00000|  0%| F|  |TAMS 0x00000000c4900000, 0x00000000c4900000| Untracked 
|  56|0x00000000c4a00000, 0x00000000c4a00000, 0x00000000c4b00000|  0%| F|  |TAMS 0x00000000c4a00000, 0x00000000c4a00000| Untracked 
|  57|0x00000000c4b00000, 0x00000000c4b00000, 0x00000000c4c00000|  0%| F|  |TAMS 0x00000000c4b00000, 0x00000000c4b00000| Untracked 
|  58|0x00000000c4c00000, 0x00000000c4c00000, 0x00000000c4d00000|  0%| F|  |TAMS 0x00000000c4c00000, 0x00000000c4c00000| Untracked 
|  59|0x00000000c4d00000, 0x00000000c4d00000, 0x00000000c4e00000|  0%| F|  |TAMS 0x00000000c4d00000, 0x00000000c4d00000| Untracked 
|  60|0x00000000c4e00000, 0x00000000c4e00000, 0x00000000c4f00000|  0%| F|  |TAMS 0x00000000c4e00000, 0x00000000c4e00000| Untracked 
|  61|0x00000000c4f00000, 0x00000000c4f00000, 0x00000000c5000000|  0%| F|  |TAMS 0x00000000c4f00000, 0x00000000c4f00000| Untracked 
|  62|0x00000000c5000000, 0x00000000c5000000, 0x00000000c5100000|  0%| F|  |TAMS 0x00000000c5000000, 0x00000000c5000000| Untracked 
|  63|0x00000000c5100000, 0x00000000c5100000, 0x00000000c5200000|  0%| F|  |TAMS 0x00000000c5100000, 0x00000000c5100000| Untracked 
|  64|0x00000000c5200000, 0x00000000c5200000, 0x00000000c5300000|  0%| F|  |TAMS 0x00000000c5200000, 0x00000000c5200000| Untracked 
|  65|0x00000000c5300000, 0x00000000c5300000, 0x00000000c5400000|  0%| F|  |TAMS 0x00000000c5300000, 0x00000000c5300000| Untracked 
|  66|0x00000000c5400000, 0x00000000c5400000, 0x00000000c5500000|  0%| F|  |TAMS 0x00000000c5400000, 0x00000000c5400000| Untracked 
|  67|0x00000000c5500000, 0x00000000c55a3fa0, 0x00000000c5600000| 64%| S|CS|TAMS 0x00000000c5500000, 0x00000000c5500000| Complete 
|  70|0x00000000c5800000, 0x00000000c5900000, 0x00000000c5900000|100%| S|CS|TAMS 0x00000000c5800000, 0x00000000c5800000| Complete 
|  71|0x00000000c5900000, 0x00000000c5900000, 0x00000000c5a00000|  0%| F|  |TAMS 0x00000000c5900000, 0x00000000c5900000| Untracked 

Card table byte_map: [0x0000000003740000,0x0000000003940000] _byte_map_base: 0x0000000003137000

Marking Bits (Prev, Next): (CMBitMap*) 0x00000000003b0428, (CMBitMap*) 0x00000000003b0468
 Prev Bits: [0x0000000004050000, 0x0000000005008000)
 Next Bits: [0x0000000005060000, 0x0000000006018000)

Polling page: 0x0000000000280000

Metaspace:

Usage:
  Non-class:     49.54 MB capacity,    48.55 MB ( 98%) used,   818.59 KB (  2%) free+waste,   195.94 KB ( <1%) overhead. 
      Class:      8.03 MB capacity,     7.38 MB ( 92%) used,   567.13 KB (  7%) free+waste,    95.38 KB (  1%) overhead. 
       Both:     57.57 MB capacity,    55.93 MB ( 97%) used,     1.35 MB (  2%) free+waste,   291.31 KB ( <1%) overhead. 

Virtual space:
  Non-class space:       62.00 MB reserved,      49.58 MB ( 80%) committed 
      Class space:        1.00 GB reserved,       8.13 MB ( <1%) committed 
             Both:        1.06 GB reserved,      57.70 MB (  5%) committed 

Chunk freelists:
   Non-Class:  38.00 KB
       Class:  6.00 KB
        Both:  44.00 KB

MaxMetaspaceSize: 17179869184.00 GB
CompressedClassSpaceSize: 1.00 GB

CodeHeap 'non-profiled nmethods': size=238912Kb used=7493Kb max_used=7493Kb free=231418Kb
 bounds [0x00000000208c0000, 0x0000000021020000, 0x000000002f210000]
CodeHeap 'non-nmethods': size=6848Kb used=1288Kb max_used=1288Kb free=5559Kb
 bounds [0x0000000020210000, 0x0000000020480000, 0x00000000208c0000]
 total_blobs=5357 nmethods=4776 adapters=508
 compilation: enabled
              stopped_count=0, restarted_count=0
 full_count=0

Compilation events (20 events):
Event: 52.689 Thread 0x00000000071ff000 nmethod 4766 0x000000002100ac10 code [0x000000002100ae40, 0x000000002100b2e8]
Event: 52.690 Thread 0x00000000071ff000 4767       1       java.io.File::lastModified (33 bytes)
Event: 52.690 Thread 0x00000000071ff000 nmethod 4767 0x000000002100b590 code [0x000000002100b740, 0x000000002100b8c8]
Event: 52.819 Thread 0x00000000071ff000 4769       1       java.util.concurrent.ScheduledThreadPoolExecutor$DelayedWorkQueue::setIndex (16 bytes)
Event: 52.819 Thread 0x00000000071ff000 nmethod 4769 0x000000002100b990 code [0x000000002100bb20, 0x000000002100bc38]
Event: 54.353 Thread 0x00000000071ff000 4770       1       org.apache.tomcat.util.buf.Ascii::toLower (14 bytes)
Event: 54.353 Thread 0x00000000071ff000 nmethod 4770 0x000000002100bd10 code [0x000000002100bea0, 0x000000002100bf78]
Event: 55.396 Thread 0x00000000071ff000 4771 %     1       java.util.Properties$LineReader::readLine @ 53 (584 bytes)
Event: 55.402 Thread 0x00000000071ff000 nmethod 4771% 0x000000002100c090 code [0x000000002100c300, 0x000000002100d658]
Event: 55.406 Thread 0x00000000071ff000 4772       1       java.text.DontCareFieldPosition$1::formatted (1 bytes)
Event: 55.407 Thread 0x00000000071ff000 nmethod 4772 0x000000002100e090 code [0x000000002100e220, 0x000000002100e2d8]
Event: 55.539 Thread 0x00000000071ff000 4773       1       java.io.StringReader::ensureOpen (18 bytes)
Event: 55.539 Thread 0x00000000071ff000 nmethod 4773 0x000000002100e390 code [0x000000002100e540, 0x000000002100e6a8]
Event: 55.547 Thread 0x00000000071ff000 4774 %     1       java.util.Properties$LineReader::readLine @ 293 (584 bytes)
Event: 55.553 Thread 0x00000000071ff000 nmethod 4774% 0x000000002100e790 code [0x000000002100ea00, 0x000000002100fd58]
Event: 55.988 Thread 0x00000000071ff000 4776       1       org.apache.tomcat.util.buf.ByteChunk::equalsIgnoreCase (76 bytes)
Event: 55.989 Thread 0x00000000071ff000 nmethod 4776 0x0000000021010790 code [0x0000000021010960, 0x0000000021010cf8]
Event: 55.989 Thread 0x00000000071ff000 4775       1       org.apache.tomcat.util.buf.MessageBytes::equalsIgnoreCase (78 bytes)
Event: 55.989 Thread 0x00000000071ff000 nmethod 4775 0x0000000021011010 code [0x00000000210111c0, 0x0000000021011368]
Event: 56.136 Thread 0x00000000071ff000 4777       1       org.springframework.context.event.GenericApplicationListenerAdapter::resolveDeclaredEventType (57 bytes)

GC Heap History (20 events):
Event: 7.497 GC heap before
{Heap before GC invocations=20 (full 0):
 garbage-first heap   total 61440K, used 46913K [0x00000000c1200000, 0x0000000100000000)
  region size 1024K, 36 young (36864K), 5 survivors (5120K)
 Metaspace       used 32682K, capacity 33877K, committed 33968K, reserved 1079296K
  class space    used 4090K, capacity 4540K, committed 4608K, reserved 1048576K
}
Event: 7.505 GC heap after
{Heap after GC invocations=21 (full 0):
 garbage-first heap   total 61440K, used 17094K [0x00000000c1200000, 0x0000000100000000)
  region size 1024K, 3 young (3072K), 3 survivors (3072K)
 Metaspace       used 32682K, capacity 33877K, committed 33968K, reserved 1079296K
  class space    used 4090K, capacity 4540K, committed 4608K, reserved 1048576K
}
Event: 7.576 GC heap before
{Heap before GC invocations=21 (full 0):
 garbage-first heap   total 61440K, used 48838K [0x00000000c1200000, 0x0000000100000000)
  region size 1024K, 35 young (35840K), 3 survivors (3072K)
 Metaspace       used 33124K, capacity 34376K, committed 34480K, reserved 1079296K
  class space    used 4127K, capacity 4578K, committed 4608K, reserved 1048576K
}
Event: 7.582 GC heap after
{Heap after GC invocations=22 (full 0):
 garbage-first heap   total 61440K, used 17358K [0x00000000c1200000, 0x0000000100000000)
  region size 1024K, 2 young (2048K), 2 survivors (2048K)
 Metaspace       used 33124K, capacity 34376K, committed 34480K, reserved 1079296K
  class space    used 4127K, capacity 4578K, committed 4608K, reserved 1048576K
}
Event: 7.654 GC heap before
{Heap before GC invocations=22 (full 0):
 garbage-first heap   total 61440K, used 49102K [0x00000000c1200000, 0x0000000100000000)
  region size 1024K, 34 young (34816K), 2 survivors (2048K)
 Metaspace       used 33357K, capacity 34606K, committed 34864K, reserved 1079296K
  class space    used 4157K, capacity 4612K, committed 4736K, reserved 1048576K
}
Event: 7.657 GC heap after
{Heap after GC invocations=23 (full 0):
 garbage-first heap   total 73728K, used 17178K [0x00000000c1200000, 0x0000000100000000)
  region size 1024K, 1 young (1024K), 1 survivors (1024K)
 Metaspace       used 33357K, capacity 34606K, committed 34864K, reserved 1079296K
  class space    used 4157K, capacity 4612K, committed 4736K, reserved 1048576K
}
Event: 7.839 GC heap before
{Heap before GC invocations=23 (full 0):
 garbage-first heap   total 73728K, used 31514K [0x00000000c1200000, 0x0000000100000000)
  region size 1024K, 16 young (16384K), 1 survivors (1024K)
 Metaspace       used 34590K, capacity 35775K, committed 35920K, reserved 1081344K
  class space    used 4330K, capacity 4768K, committed 4864K, reserved 1048576K
}
Event: 7.843 GC heap after
{Heap after GC invocations=24 (full 0):
 garbage-first heap   total 73728K, used 17707K [0x00000000c1200000, 0x0000000100000000)
  region size 1024K, 2 young (2048K), 2 survivors (2048K)
 Metaspace       used 34590K, capacity 35775K, committed 35920K, reserved 1081344K
  class space    used 4330K, capacity 4768K, committed 4864K, reserved 1048576K
}
Event: 12.373 GC heap before
{Heap before GC invocations=25 (full 0):
 garbage-first heap   total 71680K, used 57643K [0x00000000c1200000, 0x0000000100000000)
  region size 1024K, 42 young (43008K), 2 survivors (2048K)
 Metaspace       used 41532K, capacity 42845K, committed 43088K, reserved 1087488K
  class space    used 5354K, capacity 5840K, committed 5888K, reserved 1048576K
}
Event: 12.381 GC heap after
{Heap after GC invocations=26 (full 0):
 garbage-first heap   total 71680K, used 20994K [0x00000000c1200000, 0x0000000100000000)
  region size 1024K, 5 young (5120K), 5 survivors (5120K)
 Metaspace       used 41532K, capacity 42845K, committed 43088K, reserved 1087488K
  class space    used 5354K, capacity 5840K, committed 5888K, reserved 1048576K
}
Event: 20.081 GC heap before
{Heap before GC invocations=26 (full 0):
 garbage-first heap   total 71680K, used 56834K [0x00000000c1200000, 0x0000000100000000)
  region size 1024K, 40 young (40960K), 5 survivors (5120K)
 Metaspace       used 47868K, capacity 49175K, committed 49360K, reserved 1091584K
  class space    used 6276K, capacity 6733K, committed 6784K, reserved 1048576K
}
Event: 20.096 GC heap after
{Heap after GC invocations=27 (full 0):
 garbage-first heap   total 71680K, used 22480K [0x00000000c1200000, 0x0000000100000000)
  region size 1024K, 2 young (2048K), 2 survivors (2048K)
 Metaspace       used 47868K, capacity 49175K, committed 49360K, reserved 1091584K
  class space    used 6276K, capacity 6733K, committed 6784K, reserved 1048576K
}
Event: 23.917 GC heap before
{Heap before GC invocations=27 (full 0):
 garbage-first heap   total 71680K, used 57296K [0x00000000c1200000, 0x0000000100000000)
  region size 1024K, 36 young (36864K), 2 survivors (2048K)
 Metaspace       used 51062K, capacity 52479K, committed 52688K, reserved 1095680K
  class space    used 6721K, capacity 7256K, committed 7296K, reserved 1048576K
}
Event: 23.925 GC heap after
{Heap after GC invocations=28 (full 0):
 garbage-first heap   total 71680K, used 24495K [0x00000000c1200000, 0x0000000100000000)
  region size 1024K, 4 young (4096K), 4 survivors (4096K)
 Metaspace       used 51062K, capacity 52479K, committed 52688K, reserved 1095680K
  class space    used 6721K, capacity 7256K, committed 7296K, reserved 1048576K
}
Event: 24.532 GC heap before
{Heap before GC invocations=28 (full 0):
 garbage-first heap   total 71680K, used 57263K [0x00000000c1200000, 0x0000000100000000)
  region size 1024K, 36 young (36864K), 4 survivors (4096K)
 Metaspace       used 54140K, capacity 55762K, committed 56016K, reserved 1097728K
  class space    used 7131K, capacity 7752K, committed 7808K, reserved 1048576K
}
Event: 24.541 GC heap after
{Heap after GC invocations=29 (full 0):
 garbage-first heap   total 71680K, used 26536K [0x00000000c1200000, 0x0000000100000000)
  region size 1024K, 5 young (5120K), 5 survivors (5120K)
 Metaspace       used 54140K, capacity 55762K, committed 56016K, reserved 1097728K
  class space    used 7131K, capacity 7752K, committed 7808K, reserved 1048576K
}
Event: 55.990 GC heap before
{Heap before GC invocations=29 (full 0):
 garbage-first heap   total 71680K, used 57256K [0x00000000c1200000, 0x0000000100000000)
  region size 1024K, 35 young (35840K), 5 survivors (5120K)
 Metaspace       used 57216K, capacity 58935K, committed 59088K, reserved 1099776K
  class space    used 7546K, capacity 8214K, committed 8320K, reserved 1048576K
}
Event: 56.000 GC heap after
{Heap after GC invocations=30 (full 0):
 garbage-first heap   total 71680K, used 27964K [0x00000000c1200000, 0x0000000100000000)
  region size 1024K, 4 young (4096K), 4 survivors (4096K)
 Metaspace       used 57216K, capacity 58935K, committed 59088K, reserved 1099776K
  class space    used 7546K, capacity 8214K, committed 8320K, reserved 1048576K
}
Event: 56.137 GC heap before
{Heap before GC invocations=30 (full 0):
 garbage-first heap   total 71680K, used 27964K [0x00000000c1200000, 0x0000000100000000)
  region size 1024K, 5 young (5120K), 4 survivors (4096K)
 Metaspace       used 57270K, capacity 58948K, committed 59088K, reserved 1110016K
  class space    used 7555K, capacity 8218K, committed 8320K, reserved 1048576K
}
Event: 56.145 GC heap after
{Heap after GC invocations=31 (full 0):
 garbage-first heap   total 71680K, used 27933K [0x00000000c1200000, 0x0000000100000000)
  region size 1024K, 2 young (2048K), 2 survivors (2048K)
 Metaspace       used 57270K, capacity 58948K, committed 59088K, reserved 1110016K
  class space    used 7555K, capacity 8218K, committed 8320K, reserved 1048576K
}

Deoptimization events (6 events):
Event: 6.203 Thread 0x0000000008fcd000 DEOPT PACKING pc=0x0000000020c5a844 sp=0x000000000a73c8b0
Event: 6.203 Thread 0x0000000008fcd000 DEOPT UNPACKING pc=0x000000002025964e sp=0x000000000a73be28 mode 0
Event: 23.902 Thread 0x0000000008fcd000 DEOPT PACKING pc=0x0000000020c3bc53 sp=0x000000000a73cfe0
Event: 23.902 Thread 0x0000000008fcd000 DEOPT UNPACKING pc=0x000000002025964e sp=0x000000000a73c4e8 mode 3
Event: 23.902 Thread 0x0000000008fcd000 DEOPT PACKING pc=0x0000000020c37a16 sp=0x000000000a73cfa0
Event: 23.902 Thread 0x0000000008fcd000 DEOPT UNPACKING pc=0x000000002025964e sp=0x000000000a73c4e8 mode 3

Classes unloaded (0 events):
No events

Classes redefined (0 events):
No events

Internal exceptions (20 events):
Event: 24.147 Thread 0x0000000008fcd000 Exception <a 'java/lang/ClassNotFoundException'{0x00000000c501aeb8}: org/springframework/beans/factory/FactoryBeanCustomizer> (0x00000000c501aeb8) 
thrown [./open/src/hotspot/share/classfile/systemDictionary.cpp, line 226]
Event: 24.148 Thread 0x0000000008fcd000 Exception <a 'java/lang/ClassNotFoundException'{0x00000000c5031d78}: org/springframework/beans/factory/InitializingBeanCustomizer> (0x00000000c5031d78) 
thrown [./open/src/hotspot/share/classfile/systemDictionary.cpp, line 226]
Event: 24.382 Thread 0x0000000008fcd000 Exception <a 'java/lang/ClassNotFoundException'{0x00000000c46616c0}: java/lang/ObjectCustomizer> (0x00000000c46616c0) 
thrown [./open/src/hotspot/share/classfile/systemDictionary.cpp, line 226]
Event: 24.382 Thread 0x0000000008fcd000 Exception <a 'java/lang/ClassNotFoundException'{0x00000000c4678e98}: com/hcm/springboot/springbootHCM/model/UserCustomizer> (0x00000000c4678e98) 
thrown [./open/src/hotspot/share/classfile/systemDictionary.cpp, line 226]
Event: 24.391 Thread 0x0000000008fcd000 Exception <a 'java/lang/NoSuchMethodError'{0x00000000c457d090}: 'int java.lang.invoke.DirectMethodHandle$Holder.invokeVirtual(java.lang.Object, java.lang.Object, java.lang.Object)'> (0x00000000c457d090) 
thrown [./open/src/hotspot/share/interpreter/linkResolver.cpp, line 766]
Event: 24.402 Thread 0x0000000008fcd000 Exception <a 'java/lang/IncompatibleClassChangeError'{0x00000000c44c9e68}: Found class java.lang.Object, but interface was expected> (0x00000000c44c9e68) 
thrown [./open/src/hotspot/share/interpreter/linkResolver.cpp, line 832]
Event: 24.463 Thread 0x0000000008fcd000 Exception <a 'java/lang/ClassNotFoundException'{0x00000000c3cab490}: java/lang/ObjectCustomizer> (0x00000000c3cab490) 
thrown [./open/src/hotspot/share/classfile/systemDictionary.cpp, line 226]
Event: 24.463 Thread 0x0000000008fcd000 Exception <a 'java/lang/ClassNotFoundException'{0x00000000c3cc9a58}: org/springframework/security/config/annotation/web/configuration/HttpSecurityConfigurationCustomizer> (0x00000000c3cc9a58) 
thrown [./open/src/hotspot/share/classfile/systemDictionary.cpp, line 226]
Event: 24.467 Thread 0x0000000008fcd000 Exception <a 'java/lang/ClassNotFoundException'{0x00000000c3b07fc8}: java/lang/ObjectCustomizer> (0x00000000c3b07fc8) 
thrown [./open/src/hotspot/share/classfile/systemDictionary.cpp, line 226]
Event: 24.467 Thread 0x0000000008fcd000 Exception <a 'java/lang/ClassNotFoundException'{0x00000000c3b28318}: org/springframework/security/config/annotation/authentication/configuration/AuthenticationConfigurationCustomizer> (0x00000000c3b28318) 
thrown [./open/src/hotspot/share/classfile/systemDictionary.cpp, line 226]
Event: 24.650 Thread 0x0000000008fcd000 Exception <a 'java/lang/ClassNotFoundException'{0x00000000c4b6ae20}: java/lang/ObjectCustomizer> (0x00000000c4b6ae20) 
thrown [./open/src/hotspot/share/classfile/systemDictionary.cpp, line 226]
Event: 24.650 Thread 0x0000000008fcd000 Exception <a 'java/lang/ClassNotFoundException'{0x00000000c4b88ba8}: org/springframework/security/config/annotation/web/configuration/WebSecurityConfigurationCustomizer> (0x00000000c4b88ba8) 
thrown [./open/src/hotspot/share/classfile/systemDictionary.cpp, line 226]
Event: 24.651 Thread 0x0000000008fcd000 Exception <a 'java/lang/ClassNotFoundException'{0x00000000c4ba81b8}: org/springframework/context/annotation/ImportAwareCustomizer> (0x00000000c4ba81b8) 
thrown [./open/src/hotspot/share/classfile/systemDictionary.cpp, line 226]
Event: 24.651 Thread 0x0000000008fcd000 Exception <a 'java/lang/ClassNotFoundException'{0x00000000c4bbb810}: org/springframework/beans/factory/AwareCustomizer> (0x00000000c4bbb810) 
thrown [./open/src/hotspot/share/classfile/systemDictionary.cpp, line 226]
Event: 24.651 Thread 0x0000000008fcd000 Exception <a 'java/lang/ClassNotFoundException'{0x00000000c4bd0620}: org/springframework/beans/factory/BeanClassLoaderAwareCustomizer> (0x00000000c4bd0620) 
thrown [./open/src/hotspot/share/classfile/systemDictionary.cpp, line 226]
Event: 24.652 Thread 0x0000000008fcd000 Exception <a 'java/lang/ClassNotFoundException'{0x00000000c4be3c88}: org/springframework/beans/factory/AwareCustomizer> (0x00000000c4be3c88) 
thrown [./open/src/hotspot/share/classfile/systemDictionary.cpp, line 226]
Event: 24.755 Thread 0x0000000008fcd000 Exception <a 'java/lang/NoSuchMethodError'{0x00000000c4621ee8}: 'java.lang.Object java.lang.invoke.DirectMethodHandle$Holder.invokeSpecial(java.lang.Object, java.lang.Object, int, java.lang.Object, int, java.lang.Object)'> (0x00000000c4621ee8) 
thrown [./open/src/hotspot/share/interpreter/linkResolver.cpp, line 766]
Event: 24.755 Thread 0x0000000008fcd000 Exception <a 'java/lang/NoSuchMethodError'{0x00000000c4628d18}: 'java.lang.Object java.lang.invoke.DirectMethodHandle$Holder.invokeStatic(java.lang.Object, java.lang.Object, int, java.lang.Object, int)'> (0x00000000c4628d18) 
thrown [./open/src/hotspot/share/interpreter/linkResolver.cpp, line 766]
Event: 24.756 Thread 0x0000000008fcd000 Exception <a 'java/lang/NoSuchMethodError'{0x00000000c462c0c8}: 'java.lang.Object java.lang.invoke.DirectMethodHandle$Holder.invokeSpecial(java.lang.Object, java.lang.Object, java.lang.Object, int, java.lang.Object, int)'> (0x00000000c462c0c8) 
thrown [./open/src/hotspot/share/interpreter/linkResolver.cpp, line 766]
Event: 24.756 Thread 0x0000000008fcd000 Exception <a 'java/lang/NoSuchMethodError'{0x00000000c4639798}: 'void java.lang.invoke.DirectMethodHandle$Holder.invokeVirtual(java.lang.Object, java.lang.Object)'> (0x00000000c4639798) 
thrown [./open/src/hotspot/share/interpreter/linkResolver.cpp, line 766]

Events (20 events):
Event: 55.403 Executing VM operation: HandshakeOneThread done
Event: 55.403 Executing VM operation: HandshakeOneThread
Event: 55.403 Executing VM operation: HandshakeOneThread done
Event: 55.544 Executing VM operation: HandshakeOneThread
Event: 55.544 Executing VM operation: HandshakeOneThread done
Event: 55.930 Executing VM operation: HandshakeOneThread
Event: 55.930 Executing VM operation: HandshakeOneThread done
Event: 55.987 Executing VM operation: HandshakeOneThread
Event: 55.987 Executing VM operation: HandshakeOneThread done
Event: 55.987 Executing VM operation: HandshakeOneThread
Event: 55.987 Executing VM operation: HandshakeOneThread done
Event: 55.990 Executing VM operation: HandshakeOneThread
Event: 55.990 Executing VM operation: HandshakeOneThread done
Event: 55.990 Executing VM operation: G1CollectForAllocation
Event: 56.000 Executing VM operation: G1CollectForAllocation done
Event: 56.002 Executing VM operation: HandshakeOneThread
Event: 56.002 Executing VM operation: HandshakeOneThread done
Event: 56.136 Executing VM operation: HandshakeOneThread
Event: 56.136 Executing VM operation: HandshakeOneThread done
Event: 56.137 Executing VM operation: CollectForMetadataAllocation


Dynamic libraries:
0x000000013f760000 - 0x000000013f76d000 	C:\Users\IPL\.p2\pool\plugins\org.eclipse.justj.openjdk.hotspot.jre.full.win32.x86_64_14.0.2.v20200815-0932\jre\bin\javaw.exe
0x00000000776a0000 - 0x0000000077849000 	C:\Windows\SYSTEM32\ntdll.dll
0x0000000077480000 - 0x000000007759f000 	C:\Windows\system32\kernel32.dll
0x000007fefd720000 - 0x000007fefd78b000 	C:\Windows\system32\KERNELBASE.dll
0x000007fef5d40000 - 0x000007fef5d58000 	C:\Users\IPL\.p2\pool\plugins\org.eclipse.justj.openjdk.hotspot.jre.full.win32.x86_64_14.0.2.v20200815-0932\jre\bin\jli.dll
0x000007fefbe40000 - 0x000007fefc034000 	C:\Windows\WinSxS\amd64_microsoft.windows.common-controls_6595b64144ccf1df_6.0.7601.17514_none_fa396087175ac9ac\COMCTL32.dll
0x000007fefdb90000 - 0x000007fefdc2f000 	C:\Windows\system32\msvcrt.dll
0x000007feff1f0000 - 0x000007feff257000 	C:\Windows\system32\GDI32.dll
0x00000000775a0000 - 0x000000007769a000 	C:\Windows\system32\USER32.dll
0x000007fefeea0000 - 0x000007fefeeae000 	C:\Windows\system32\LPK.dll
0x000007feff800000 - 0x000007feff8c9000 	C:\Windows\system32\USP10.dll
0x000007feff650000 - 0x000007feff6c1000 	C:\Windows\system32\SHLWAPI.dll
0x000007fef4770000 - 0x000007fef4785000 	C:\Users\IPL\.p2\pool\plugins\org.eclipse.justj.openjdk.hotspot.jre.full.win32.x86_64_14.0.2.v20200815-0932\jre\bin\VCRUNTIME140.dll
0x000007fef7a80000 - 0x000007fef7a84000 	C:\Users\IPL\.p2\pool\plugins\org.eclipse.justj.openjdk.hotspot.jre.full.win32.x86_64_14.0.2.v20200815-0932\jre\bin\api-ms-win-crt-runtime-l1-1-0.dll
0x000007fedbe40000 - 0x000007fedbf3c000 	C:\Users\IPL\.p2\pool\plugins\org.eclipse.justj.openjdk.hotspot.jre.full.win32.x86_64_14.0.2.v20200815-0932\jre\bin\ucrtbase.DLL
0x000007fef45d0000 - 0x000007fef45d3000 	C:\Users\IPL\.p2\pool\plugins\org.eclipse.justj.openjdk.hotspot.jre.full.win32.x86_64_14.0.2.v20200815-0932\jre\bin\api-ms-win-core-localization-l1-2-0.dll
0x000007fef45c0000 - 0x000007fef45c3000 	C:\Users\IPL\.p2\pool\plugins\org.eclipse.justj.openjdk.hotspot.jre.full.win32.x86_64_14.0.2.v20200815-0932\jre\bin\api-ms-win-core-processthreads-l1-1-1.dll
0x000007fef45b0000 - 0x000007fef45b3000 	C:\Users\IPL\.p2\pool\plugins\org.eclipse.justj.openjdk.hotspot.jre.full.win32.x86_64_14.0.2.v20200815-0932\jre\bin\api-ms-win-core-file-l1-2-0.dll
0x000007fef45a0000 - 0x000007fef45a3000 	C:\Users\IPL\.p2\pool\plugins\org.eclipse.justj.openjdk.hotspot.jre.full.win32.x86_64_14.0.2.v20200815-0932\jre\bin\api-ms-win-core-timezone-l1-1-0.dll
0x000007fef4590000 - 0x000007fef4593000 	C:\Users\IPL\.p2\pool\plugins\org.eclipse.justj.openjdk.hotspot.jre.full.win32.x86_64_14.0.2.v20200815-0932\jre\bin\api-ms-win-core-file-l2-1-0.dll
0x000007fef4580000 - 0x000007fef4583000 	C:\Users\IPL\.p2\pool\plugins\org.eclipse.justj.openjdk.hotspot.jre.full.win32.x86_64_14.0.2.v20200815-0932\jre\bin\api-ms-win-core-synch-l1-2-0.dll
0x000007fef4570000 - 0x000007fef4573000 	C:\Users\IPL\.p2\pool\plugins\org.eclipse.justj.openjdk.hotspot.jre.full.win32.x86_64_14.0.2.v20200815-0932\jre\bin\api-ms-win-crt-heap-l1-1-0.dll
0x000007fef4560000 - 0x000007fef4564000 	C:\Users\IPL\.p2\pool\plugins\org.eclipse.justj.openjdk.hotspot.jre.full.win32.x86_64_14.0.2.v20200815-0932\jre\bin\api-ms-win-crt-string-l1-1-0.dll
0x000007fef4270000 - 0x000007fef4274000 	C:\Users\IPL\.p2\pool\plugins\org.eclipse.justj.openjdk.hotspot.jre.full.win32.x86_64_14.0.2.v20200815-0932\jre\bin\api-ms-win-crt-stdio-l1-1-0.dll
0x000007fef4260000 - 0x000007fef4264000 	C:\Users\IPL\.p2\pool\plugins\org.eclipse.justj.openjdk.hotspot.jre.full.win32.x86_64_14.0.2.v20200815-0932\jre\bin\api-ms-win-crt-convert-l1-1-0.dll
0x000007fef4150000 - 0x000007fef4153000 	C:\Users\IPL\.p2\pool\plugins\org.eclipse.justj.openjdk.hotspot.jre.full.win32.x86_64_14.0.2.v20200815-0932\jre\bin\api-ms-win-crt-environment-l1-1-0.dll
0x000007fef4140000 - 0x000007fef4143000 	C:\Users\IPL\.p2\pool\plugins\org.eclipse.justj.openjdk.hotspot.jre.full.win32.x86_64_14.0.2.v20200815-0932\jre\bin\api-ms-win-crt-filesystem-l1-1-0.dll
0x000007fef29a0000 - 0x000007fef29a5000 	C:\Users\IPL\.p2\pool\plugins\org.eclipse.justj.openjdk.hotspot.jre.full.win32.x86_64_14.0.2.v20200815-0932\jre\bin\api-ms-win-crt-math-l1-1-0.dll
0x000007fef2990000 - 0x000007fef2993000 	C:\Users\IPL\.p2\pool\plugins\org.eclipse.justj.openjdk.hotspot.jre.full.win32.x86_64_14.0.2.v20200815-0932\jre\bin\api-ms-win-crt-locale-l1-1-0.dll
0x000007fefefb0000 - 0x000007fefefde000 	C:\Windows\system32\IMM32.DLL
0x000007feff6d0000 - 0x000007feff7d9000 	C:\Windows\system32\MSCTF.dll
0x000007fefad30000 - 0x000007fefaddc000 	C:\Windows\system32\tmumh\20019\AddOn\7.0.0.1147\TmUmEvt64.dll
0x0000000077860000 - 0x0000000077867000 	C:\Windows\system32\PSAPI.DLL
0x000007feff8d0000 - 0x000007feff9ab000 	C:\Windows\system32\ADVAPI32.dll
0x000007fefeca0000 - 0x000007fefecbf000 	C:\Windows\SYSTEM32\sechost.dll
0x000007fefd810000 - 0x000007fefd93d000 	C:\Windows\system32\RPCRT4.dll
0x00000000750c0000 - 0x00000000751dd000 	C:\Windows\system32\tmumh\20019\TmMon\2.5.0.2070\tmmon64.dll
0x000007fedf200000 - 0x000007fedf29b000 	C:\Users\IPL\.p2\pool\plugins\org.eclipse.justj.openjdk.hotspot.jre.full.win32.x86_64_14.0.2.v20200815-0932\jre\bin\msvcp140.dll
0x000007fef2980000 - 0x000007fef2983000 	C:\Users\IPL\.p2\pool\plugins\org.eclipse.justj.openjdk.hotspot.jre.full.win32.x86_64_14.0.2.v20200815-0932\jre\bin\api-ms-win-crt-time-l1-1-0.dll
0x000007fef2970000 - 0x000007fef2973000 	C:\Users\IPL\.p2\pool\plugins\org.eclipse.justj.openjdk.hotspot.jre.full.win32.x86_64_14.0.2.v20200815-0932\jre\bin\api-ms-win-crt-utility-l1-1-0.dll
0x000007fed32c0000 - 0x000007fed3dde000 	C:\Users\IPL\.p2\pool\plugins\org.eclipse.justj.openjdk.hotspot.jre.full.win32.x86_64_14.0.2.v20200815-0932\jre\bin\server\jvm.dll
0x000007fef9220000 - 0x000007fef9229000 	C:\Windows\system32\WSOCK32.dll
0x000007fefd940000 - 0x000007fefd98d000 	C:\Windows\system32\WS2_32.dll
0x000007fefdc30000 - 0x000007fefdc38000 	C:\Windows\system32\NSI.dll
0x000007fefb2b0000 - 0x000007fefb2eb000 	C:\Windows\system32\WINMM.dll
0x000007fefc540000 - 0x000007fefc54c000 	C:\Windows\system32\VERSION.dll
0x000007feddab0000 - 0x000007feddaba000 	C:\Users\IPL\.p2\pool\plugins\org.eclipse.justj.openjdk.hotspot.jre.full.win32.x86_64_14.0.2.v20200815-0932\jre\bin\jimage.dll
0x000007fef9a90000 - 0x000007fef9bb5000 	C:\Windows\system32\DBGHELP.DLL
0x000007fedd0d0000 - 0x000007fedd0f5000 	C:\Users\IPL\.p2\pool\plugins\org.eclipse.justj.openjdk.hotspot.jre.full.win32.x86_64_14.0.2.v20200815-0932\jre\bin\java.dll
0x000007fedd000000 - 0x000007fedd016000 	C:\Users\IPL\.p2\pool\plugins\org.eclipse.justj.openjdk.hotspot.jre.full.win32.x86_64_14.0.2.v20200815-0932\jre\bin\zip.dll
0x000007fefdf10000 - 0x000007fefec98000 	C:\Windows\system32\SHELL32.dll
0x000007fefefe0000 - 0x000007feff1e3000 	C:\Windows\system32\ole32.dll
0x000007fefd460000 - 0x000007fefd46f000 	C:\Windows\system32\profapi.dll
0x000007fedd020000 - 0x000007fedd039000 	C:\Users\IPL\.p2\pool\plugins\org.eclipse.justj.openjdk.hotspot.jre.full.win32.x86_64_14.0.2.v20200815-0932\jre\bin\net.dll
0x000007fef9c30000 - 0x000007fef9ca1000 	C:\Windows\system32\WINHTTP.dll
0x000007fef9bc0000 - 0x000007fef9c24000 	C:\Windows\system32\webio.dll
0x000007fefcbf0000 - 0x000007fefcc45000 	C:\Windows\system32\mswsock.dll
0x000007fefcbe0000 - 0x000007fefcbe7000 	C:\Windows\System32\wship6.dll
0x000007fedc320000 - 0x000007fedc332000 	C:\Users\IPL\.p2\pool\plugins\org.eclipse.justj.openjdk.hotspot.jre.full.win32.x86_64_14.0.2.v20200815-0932\jre\bin\nio.dll
0x000007fede480000 - 0x000007fede489000 	C:\Users\IPL\.p2\pool\plugins\org.eclipse.justj.openjdk.hotspot.jre.full.win32.x86_64_14.0.2.v20200815-0932\jre\bin\management.dll
0x000007fede470000 - 0x000007fede47b000 	C:\Users\IPL\.p2\pool\plugins\org.eclipse.justj.openjdk.hotspot.jre.full.win32.x86_64_14.0.2.v20200815-0932\jre\bin\management_ext.dll
0x000007fefb250000 - 0x000007fefb265000 	C:\Windows\system32\NLAapi.dll
0x000007fef7b30000 - 0x000007fef7b45000 	C:\Windows\system32\napinsp.dll
0x000007fef7b10000 - 0x000007fef7b29000 	C:\Windows\system32\pnrpnsp.dll
0x000007fefca70000 - 0x000007fefcacb000 	C:\Windows\system32\DNSAPI.dll
0x000007fef7a90000 - 0x000007fef7a9b000 	C:\Windows\System32\winrnr.dll
0x000007fefc610000 - 0x000007fefc617000 	C:\Windows\System32\wshtcpip.dll
0x000007fefaa80000 - 0x000007fefaaa7000 	C:\Windows\system32\IPHLPAPI.DLL
0x000007fefaa70000 - 0x000007fefaa7b000 	C:\Windows\system32\WINNSI.DLL
0x000007fef8a40000 - 0x000007fef8a48000 	C:\Windows\system32\rasadhlp.dll
0x000007fefa930000 - 0x000007fefa983000 	C:\Windows\System32\fwpuclnt.dll
0x000007fefcc50000 - 0x000007fefcc67000 	C:\Windows\system32\CRYPTSP.dll
0x000007fefc950000 - 0x000007fefc997000 	C:\Windows\system32\rsaenh.dll
0x000007fefd7a0000 - 0x000007fefd7be000 	C:\Windows\system32\USERENV.dll
0x000007fefd2b0000 - 0x000007fefd2bf000 	C:\Windows\system32\CRYPTBASE.dll
0x000007fefa900000 - 0x000007fefa911000 	C:\Windows\system32\dhcpcsvc6.DLL
0x000007fefa880000 - 0x000007fefa898000 	C:\Windows\system32\dhcpcsvc.DLL
0x000007fede4b0000 - 0x000007fede4d5000 	C:\Users\IPL\.p2\pool\plugins\org.eclipse.justj.openjdk.hotspot.jre.full.win32.x86_64_14.0.2.v20200815-0932\jre\bin\sunec.dll
0x000007fede4e0000 - 0x000007fede4ee000 	C:\Users\IPL\.p2\pool\plugins\org.eclipse.justj.openjdk.hotspot.jre.full.win32.x86_64_14.0.2.v20200815-0932\jre\bin\sunmscapi.dll
0x000007fefd500000 - 0x000007fefd667000 	C:\Windows\system32\CRYPT32.dll
0x000007fefd450000 - 0x000007fefd45f000 	C:\Windows\system32\MSASN1.dll
0x000007fefcdd0000 - 0x000007fefce1e000 	C:\Windows\system32\ncrypt.dll
0x000007fefcda0000 - 0x000007fefcdc2000 	C:\Windows\system32\bcrypt.dll

dbghelp: loaded successfully - version: 4.0.5 - missing functions: none
symbol engine: initialized successfully - sym options: 0x614 - pdb path: .;C:\Users\IPL\.p2\pool\plugins\org.eclipse.justj.openjdk.hotspot.jre.full.win32.x86_64_14.0.2.v20200815-0932\jre\bin;C:\Windows\SYSTEM32;C:\Windows\WinSxS\amd64_microsoft.windows.common-controls_6595b64144ccf1df_6.0.7601.17514_none_fa396087175ac9ac;C:\Windows\system32\tmumh\20019\AddOn\7.0.0.1147;C:\Windows\system32\tmumh\20019\TmMon\2.5.0.2070;C:\Users\IPL\.p2\pool\plugins\org.eclipse.justj.openjdk.hotspot.jre.full.win32.x86_64_14.0.2.v20200815-0932\jre\bin\server

VM Arguments:
jvm_args: -Dcom.sun.management.jmxremote -Dcom.sun.management.jmxremote.port=55308 -Dcom.sun.management.jmxremote.authenticate=false -Dcom.sun.management.jmxremote.ssl=false -Djava.rmi.server.hostname=localhost -Dspring.jmx.enabled=true -Dspring.application.admin.enabled=true -Xverify:none -XX:TieredStopAtLevel=1 -Dspring.boot.project.name=springbootHCM -Dfile.encoding=UTF-8 -XX:+ShowCodeDetailsInExceptionMessages 
java_command: com.hcm.springboot.springbootHCM.SpringbootHcmApplication
java_class_path (initial): C:\Users\IPL\git\webapp\springbootHCM\target\classes;C:\Users\IPL\.m2\repository\org\springframework\boot\spring-boot-starter-data-jpa\2.4.2\spring-boot-starter-data-jpa-2.4.2.jar;C:\Users\IPL\.m2\repository\org\springframework\boot\spring-boot-starter-aop\2.4.2\spring-boot-starter-aop-2.4.2.jar;C:\Users\IPL\.m2\repository\org\aspectj\aspectjweaver\1.9.6\aspectjweaver-1.9.6.jar;C:\Users\IPL\.m2\repository\org\springframework\boot\spring-boot-starter-jdbc\2.4.2\spring-boot-starter-jdbc-2.4.2.jar;C:\Users\IPL\.m2\repository\com\zaxxer\HikariCP\3.4.5\HikariCP-3.4.5.jar;C:\Users\IPL\.m2\repository\org\springframework\spring-jdbc\5.3.3\spring-jdbc-5.3.3.jar;C:\Users\IPL\.m2\repository\jakarta\transaction\jakarta.transaction-api\1.3.3\jakarta.transaction-api-1.3.3.jar;C:\Users\IPL\.m2\repository\jakarta\persistence\jakarta.persistence-api\2.2.3\jakarta.persistence-api-2.2.3.jar;C:\Users\IPL\.m2\repository\org\hibernate\hibernate-core\5.4.27.Final\hibernate-core-5.4.27.Final.jar;C:\Users\IPL\.m2\repository\org\jboss\logging\jboss-logging\3.4.1.Final\jboss-logging-3.4.1.Final.jar;C:\Users\IPL\.m2\repository\org\javassist\javassist\3.27.0-GA\javassist-3.27.0-GA.jar;C:\Users\IPL\.m2\repository\net\bytebuddy\byte-buddy\1.10.19\byte-buddy-1.10.19.jar;C:\Users\IPL\.m2\repository\antlr\antlr\2.7.7\antlr-2.7.7.jar;C:\Users\IPL\.m2\repository\org\jboss\jandex\2.1.3.Final\jandex-2.1.3.Final.jar;C:\Users\IPL\.m2\repository\com\fasterxml\classmate\1.5.1\classmate-1.5.1.jar;C:\Users\IPL\.m2\repository\org\dom4j\dom4j\2.1.3\dom4j-2.1.3.jar;C:\Users\IPL\.m2\repository\org\hibernate\common\hibernate-commons-annotations\5.1.2.Final\hibernate-commons-annotations-5.1.2.Final.jar;C:\Users\IPL\.m2\repository\org\glassfish\jaxb\jaxb-runtime\2.3.3\jaxb-runtime-2.3.3.jar;C:\Users\IPL\.m2\repository\org\glassfish\jaxb\txw2\2.3.3\txw2-2.3.3.jar;C:\Users\IPL\.m2\repository\com\sun\istack\istack-commons-runtime\3.0.11\istack-commons-runtime-3.0.11.jar;C:\Users\IPL\.m2\rep
Launcher Type: SUN_STANDARD

[Global flags]
     intx CICompilerCount                          = 3                                         {product} {ergonomic}
     uint ConcGCThreads                            = 1                                         {product} {ergonomic}
     uint G1ConcRefinementThreads                  = 4                                         {product} {ergonomic}
   size_t G1HeapRegionSize                         = 1048576                                   {product} {ergonomic}
    uintx GCDrainStackTargetSize                   = 64                                        {product} {ergonomic}
   size_t InitialHeapSize                          = 67108864                                  {product} {ergonomic}
     bool ManagementServer                         = true                                      {product} {command line}
   size_t MarkStackSize                            = 4194304                                   {product} {ergonomic}
   size_t MaxHeapSize                              = 1054867456                                {product} {ergonomic}
   size_t MaxNewSize                               = 632291328                                 {product} {ergonomic}
   size_t MinHeapDeltaBytes                        = 1048576                                   {product} {ergonomic}
   size_t MinHeapSize                              = 8388608                                   {product} {ergonomic}
    uintx NonNMethodCodeHeapSize                   = 6973028                                {pd product} {ergonomic}
    uintx NonProfiledCodeHeapSize                  = 244685212                              {pd product} {ergonomic}
    uintx ProfiledCodeHeapSize                     = 0                                      {pd product} {ergonomic}
    uintx ReservedCodeCacheSize                    = 251658240                              {pd product} {ergonomic}
     bool SegmentedCodeCache                       = true                                      {product} {ergonomic}
     bool ShowCodeDetailsInExceptionMessages       = true                                   {manageable} {command line}
   size_t SoftMaxHeapSize                          = 1054867456                             {manageable} {ergonomic}
     intx TieredStopAtLevel                        = 1                                         {product} {command line}
     bool UseCompressedClassPointers               = true                                 {lp64_product} {ergonomic}
     bool UseCompressedOops                        = true                                 {lp64_product} {ergonomic}
     bool UseG1GC                                  = true                                      {product} {ergonomic}
     bool UseLargePagesIndividualAllocation        = false                                  {pd product} {ergonomic}

Logging:
Log output configuration:
 #0: stdout all=warning uptime,level,tags
 #1: stderr all=off uptime,level,tags

Environment Variables:
JAVA_HOME=C:\Program Files\Java\jdk1.8.0_261
PATH=C:/Users/IPL/.p2/pool/plugins/org.eclipse.justj.openjdk.hotspot.jre.full.win32.x86_64_14.0.2.v20200815-0932/jre/bin/server;C:/Users/IPL/.p2/pool/plugins/org.eclipse.justj.openjdk.hotspot.jre.full.win32.x86_64_14.0.2.v20200815-0932/jre/bin;C:\Program Files (x86)\Common Files\Oracle\Java\javapath;E:\DevSuiteHome_1\jdk\jre\bin\classic;E:\DevSuiteHome_1\jdk\jre\bin;E:\DevSuiteHome_1\jdk\jre\bin\client;E:\DevSuiteHome_1\jlib;E:\DevSuiteHome_1\bin;E:\DevSuiteHome_1\jre\1.4.2\bin\client;E:\DevSuiteHome_1\jre\1.4.2\bin;C:\Program Files (x86)\Intel\iCLS Client\;C:\Program Files\Intel\iCLS Client\;C:\Windows\system32;C:\Windows;C:\Windows\System32\Wbem;C:\Windows\System32\WindowsPowerShell\v1.0\;C:\Program Files\Intel\Intel(R) Management Engine Components\DAL;C:\Program Files\Intel\Intel(R) Management Engine Components\IPT;C:\Program Files (x86)\Intel\Intel(R) Management Engine Components\DAL;C:\Program Files (x86)\Intel\Intel(R) Management Engine Components\IPT;C:\Program Files\Java\jdk1.8.0_261\jre;C:\Program Files\Java\jdk1.8.0_261\bin;C:\Program Files\Git\cmd;C:\Users\IPL\Desktop;
USERNAME=IPL
OS=Windows_NT
PROCESSOR_IDENTIFIER=Intel64 Family 6 Model 60 Stepping 3, GenuineIntel



---------------  S Y S T E M  ---------------

OS: Windows 7 , 64 bit Build 7601 (6.1.7601.18015)
OS uptime: 9 days 3:12 hours

CPU:total 4 (initial active 4) (2 cores per cpu, 2 threads per core) family 6 model 60 stepping 3, cmov, cx8, fxsr, mmx, sse, sse2, sse3, ssse3, sse4.1, sse4.2, popcnt, avx, avx2, aes, clmul, erms, lzcnt, ht, tsc, tscinvbit, bmi1, bmi2, fma

Memory: 4k page, system-wide physical 4021M (313M free)
TotalPageFile size 6067M (AvailPageFile size 7M)
current process WorkingSet (physical memory assigned to process): 203M, peak: 203M
current process commit charge ("private bytes"): 236M, peak: 238M

vm_info: OpenJDK 64-Bit Server VM (14.0.2+12-46) for windows-amd64 JRE (14.0.2+12-46), built on Jul  9 2020 00:31:16 by "mach5one" with MS VC++ 15.9 (VS2017)

END.
